[debug] [2023-09-23T10:20:29.769Z] ----------------------------------------------------------------------
[debug] [2023-09-23T10:20:29.772Z] Command:       C:\Program Files\nodejs\node.exe C:\Users\Lovia E B\AppData\Roaming\npm\node_modules\firebase-tools\lib\bin\firebase.js init
[debug] [2023-09-23T10:20:29.772Z] CLI Version:   12.5.4
[debug] [2023-09-23T10:20:29.772Z] Platform:      win32
[debug] [2023-09-23T10:20:29.773Z] Node Version:  v18.17.1
[debug] [2023-09-23T10:20:29.773Z] Time:          Sat Sep 23 2023 15:50:29 GMT+0530 (India Standard Time)
[debug] [2023-09-23T10:20:29.774Z] ----------------------------------------------------------------------
[debug] 
[debug] [2023-09-23T10:20:29.783Z] > command requires scopes: ["email","openid","https://www.googleapis.com/auth/cloudplatformprojects.readonly","https://www.googleapis.com/auth/firebase","https://www.googleapis.com/auth/cloud-platform"]
[debug] [2023-09-23T10:20:29.784Z] > authorizing via signed-in user (loviaeb@gmail.com)
[info] 
     ######## #### ########  ######## ########     ###     ######  ########
     ##        ##  ##     ## ##       ##     ##  ##   ##  ##       ##
     ######    ##  ########  ######   ########  #########  ######  ######
     ##        ##  ##    ##  ##       ##     ## ##     ##       ## ##
     ##       #### ##     ## ######## ########  ##     ##  ######  ########

You're about to initialize a Firebase project in this directory:

  D:\Projects\React\table

[info] 
=== Project Setup
[info] 
[info] First, let's associate this project directory with a Firebase project.
[info] You can create multiple project aliases by running firebase use --add, 
[info] but for now we'll just set up a default project.
[info] 
[debug] [2023-09-23T10:21:05.329Z] >>> [apiv2][query] GET https://firebase.googleapis.com/v1beta1/projects pageSize=100
[debug] [2023-09-23T10:21:06.358Z] <<< [apiv2][status] GET https://firebase.googleapis.com/v1beta1/projects 200
[debug] [2023-09-23T10:21:06.358Z] <<< [apiv2][body] GET https://firebase.googleapis.com/v1beta1/projects [omitted]
[info] i  Using project bharat-one-care (Bharat One Care) 
[info] 
=== Hosting Setup
[info] 
[info] Your public directory is the folder (relative to your project directory) that
[info] will contain Hosting assets to be uploaded with firebase deploy. If you
[info] have a build process for your assets, use your build's output directory.
[info] 
[debug] [2023-09-23T10:21:29.764Z] >>> [apiv2][query] GET https://www.gstatic.com/firebasejs/releases.json [none]
[debug] [2023-09-23T10:21:30.060Z] <<< [apiv2][status] GET https://www.gstatic.com/firebasejs/releases.json 200
[debug] [2023-09-23T10:21:30.060Z] <<< [apiv2][body] GET https://www.gstatic.com/firebasejs/releases.json {"current":{"version":"10.4.0","browserURL":"https://www.gstatic.com/firebasejs/10.4.0/firebase.js","packageURL":"https://www.gstatic.com/firebasejs/10.4.0/firebase.tgz"},"live":{"version":"10.4","browserURL":"https://www.gstatic.com/firebasejs/live/10.4/firebase.js","packageURL":"https://www.gstatic.com/firebasejs/live/10.4/firebase.tgz"},"components":{"analytics":"https://www.gstatic.com/firebasejs/10.4.0/firebase-analytics.js","app":"https://www.gstatic.com/firebasejs/10.4.0/firebase-app.js","app-check":"https://www.gstatic.com/firebasejs/10.4.0/firebase-app-check.js","auth":"https://www.gstatic.com/firebasejs/10.4.0/firebase-auth.js","auth/cordova":"https://www.gstatic.com/firebasejs/10.4.0/firebase-auth/cordova.js","functions":"https://www.gstatic.com/firebasejs/10.4.0/firebase-functions.js","firestore":"https://www.gstatic.com/firebasejs/10.4.0/firebase-firestore.js","firestore/lite":"https://www.gstatic.com/firebasejs/10.4.0/firebase-firestore/lite.js","installations":"https://www.gstatic.com/firebasejs/10.4.0/firebase-installations.js","storage":"https://www.gstatic.com/firebasejs/10.4.0/firebase-storage.js","performance":"https://www.gstatic.com/firebasejs/10.4.0/firebase-performance.js","remote-config":"https://www.gstatic.com/firebasejs/10.4.0/firebase-remote-config.js","messaging":"https://www.gstatic.com/firebasejs/10.4.0/firebase-messaging.js","messaging/sw":"https://www.gstatic.com/firebasejs/10.4.0/firebase-messaging/sw.js","database":"https://www.gstatic.com/firebasejs/10.4.0/firebase-database.js","firestore.memory":"https://www.gstatic.com/firebasejs/10.4.0/firebase-firestore.memory.js"}}
[info] +  Wrote build/index.html 
[info] 
[info] i  Detected a .git folder at D:\Projects\React\table 
[info] i  Authorizing with GitHub to upload your service account to a GitHub repository's secrets store. 
[info] 
[info] Visit this URL on this device to log in:
[info] https://github.com/login/oauth/authorize?client_id=89cf50f02ac6aaed3484&state=410993581&redirect_uri=http%3A%2F%2Flocalhost%3A9005&scope=read%3Auser%20repo%20public_repo
[info] 
[info] Waiting for authentication...
[debug] [2023-09-23T10:21:44.474Z] >>> [apiv2][query] POST https://github.com/login/oauth/access_token [none]
[debug] [2023-09-23T10:21:44.474Z] >>> [apiv2][body] POST https://github.com/login/oauth/access_token [stream]
[debug] [2023-09-23T10:21:44.995Z] <<< [apiv2][status] POST https://github.com/login/oauth/access_token 200
[debug] [2023-09-23T10:21:44.995Z] <<< [apiv2][body] POST https://github.com/login/oauth/access_token {"access_token":"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","token_type":"bearer","scope":"read:user,repo"}
[debug] [2023-09-23T10:21:45.004Z] >>> [apiv2][query] GET https://api.github.com/user [none]
[debug] [2023-09-23T10:21:45.597Z] <<< [apiv2][status] GET https://api.github.com/user 200
[debug] [2023-09-23T10:21:45.598Z] <<< [apiv2][body] GET https://api.github.com/user {"login":"laxmaroon","id":102042850,"node_id":"U_kgDOBhUM4g","avatar_url":"https://avatars.githubusercontent.com/u/102042850?v=4","gravatar_id":"","url":"https://api.github.com/users/laxmaroon","html_url":"https://github.com/laxmaroon","followers_url":"https://api.github.com/users/laxmaroon/followers","following_url":"https://api.github.com/users/laxmaroon/following{/other_user}","gists_url":"https://api.github.com/users/laxmaroon/gists{/gist_id}","starred_url":"https://api.github.com/users/laxmaroon/starred{/owner}{/repo}","subscriptions_url":"https://api.github.com/users/laxmaroon/subscriptions","organizations_url":"https://api.github.com/users/laxmaroon/orgs","repos_url":"https://api.github.com/users/laxmaroon/repos","events_url":"https://api.github.com/users/laxmaroon/events{/privacy}","received_events_url":"https://api.github.com/users/laxmaroon/received_events","type":"User","site_admin":false,"name":"Lovia Edassery Biju","company":null,"blog":"","location":null,"email":null,"hireable":true,"bio":"Web Developer | Fine Arts","twitter_username":null,"public_repos":8,"public_gists":0,"followers":1,"following":1,"created_at":"2022-03-21T14:15:47Z","updated_at":"2023-08-03T18:16:24Z","private_gists":0,"total_private_repos":1,"owned_private_repos":1,"disk_usage":48897,"collaborators":0,"two_factor_authentication":false,"plan":{"name":"free","space":976562499,"collaborators":0,"private_repos":10000}}
[info] 
[info] +  Success! Logged into GitHub as laxmaroon 
[info] 
[debug] [2023-09-23T10:22:26.181Z] >>> [apiv2][query] GET https://api.github.com/repos/User-table-react/actions/secrets/public-key type=owner
[debug] [2023-09-23T10:22:26.801Z] <<< [apiv2][status] GET https://api.github.com/repos/User-table-react/actions/secrets/public-key 404
[debug] [2023-09-23T10:22:26.801Z] <<< [apiv2][body] GET https://api.github.com/repos/User-table-react/actions/secrets/public-key {"message":"Not Found","documentation_url":"https://docs.github.com/rest"}
[info] 
[info] 
[error] !  The provided authorization cannot be used with this repository. If this repository is in an organization, did you remember to grant access? 
[info] 
[info] i  Action required: Visit this URL to ensure access has been granted to the appropriate organization(s) for the Firebase CLI GitHub OAuth App: 
[info] https://github.com/settings/connections/applications/89cf50f02ac6aaed3484
[info] 
[debug] [2023-09-23T10:22:52.337Z] >>> [apiv2][query] GET https://api.github.com/repos/User-table-react/actions/secrets/public-key type=owner
[debug] [2023-09-23T10:22:53.577Z] <<< [apiv2][status] GET https://api.github.com/repos/User-table-react/actions/secrets/public-key 404
[debug] [2023-09-23T10:22:53.577Z] <<< [apiv2][body] GET https://api.github.com/repos/User-table-react/actions/secrets/public-key {"message":"Not Found","documentation_url":"https://docs.github.com/rest"}
[info] 
[info] 
[error] !  The provided authorization cannot be used with this repository. If this repository is in an organization, did you remember to grant access? 
[info] 
[info] i  Action required: Visit this URL to ensure access has been granted to the appropriate organization(s) for the Firebase CLI GitHub OAuth App: 
[info] https://github.com/settings/connections/applications/89cf50f02ac6aaed3484
[info] 
[debug] [2023-09-23T10:23:37.281Z] >>> [apiv2][query] GET https://api.github.com/repos/User-table-react/actions/secrets/public-key type=owner
[debug] [2023-09-23T10:23:38.021Z] <<< [apiv2][status] GET https://api.github.com/repos/User-table-react/actions/secrets/public-key 404
[debug] [2023-09-23T10:23:38.021Z] <<< [apiv2][body] GET https://api.github.com/repos/User-table-react/actions/secrets/public-key {"message":"Not Found","documentation_url":"https://docs.github.com/rest"}
[info] 
[info] 
[error] !  The provided authorization cannot be used with this repository. If this repository is in an organization, did you remember to grant access? 
[info] 
[info] i  Action required: Visit this URL to ensure access has been granted to the appropriate organization(s) for the Firebase CLI GitHub OAuth App: 
[info] https://github.com/settings/connections/applications/89cf50f02ac6aaed3484
[info] 
